{"/Users/abdulsamad/Documents/Developer/NodeJS-Development/Node-JS/Vidly-Project/index.js": {"path":"/Users/abdulsamad/Documents/Developer/NodeJS-Development/Node-JS/Vidly-Project/index.js","statementMap":{"0":{"start":{"line":1,"column":12},"end":{"line":1,"column":32}},"1":{"start":{"line":2,"column":0},"end":{"line":2,"column":44}},"2":{"start":{"line":3,"column":16},"end":{"line":3,"column":34}},"3":{"start":{"line":4,"column":16},"end":{"line":4,"column":34}},"4":{"start":{"line":5,"column":12},"end":{"line":5,"column":21}},"5":{"start":{"line":7,"column":0},"end":{"line":7,"column":31}},"6":{"start":{"line":8,"column":0},"end":{"line":8,"column":30}},"7":{"start":{"line":9,"column":0},"end":{"line":9,"column":38}},"8":{"start":{"line":10,"column":0},"end":{"line":10,"column":33}},"9":{"start":{"line":11,"column":13},"end":{"line":11,"column":37}},"10":{"start":{"line":12,"column":15},"end":{"line":12,"column":82}},"11":{"start":{"line":12,"column":39},"end":{"line":12,"column":80}},"12":{"start":{"line":14,"column":0},"end":{"line":14,"column":24}}},"fnMap":{"0":{"name":"(anonymous_0)","decl":{"start":{"line":12,"column":32},"end":{"line":12,"column":33}},"loc":{"start":{"line":12,"column":38},"end":{"line":12,"column":81}},"line":12}},"branchMap":{"0":{"loc":{"start":{"line":11,"column":13},"end":{"line":11,"column":37}},"type":"binary-expr","locations":[{"start":{"line":11,"column":13},"end":{"line":11,"column":29}},{"start":{"line":11,"column":33},"end":{"line":11,"column":37}}],"line":11}},"s":{"0":3,"1":3,"2":3,"3":3,"4":3,"5":3,"6":3,"7":3,"8":3,"9":3,"10":3,"11":3,"12":3},"f":{"0":3},"b":{"0":[3,3]},"_coverageSchema":"1a1c01bbd47fc00a2c39e90264f33305004495a9","hash":"2fe54699fe6e8d35a05ac6d85da296c1c242d632"}
,"/Users/abdulsamad/Documents/Developer/NodeJS-Development/Node-JS/Vidly-Project/Routers/auth-route.js": {"path":"/Users/abdulsamad/Documents/Developer/NodeJS-Development/Node-JS/Vidly-Project/Routers/auth-route.js","statementMap":{"0":{"start":{"line":1,"column":12},"end":{"line":1,"column":30}},"1":{"start":{"line":3,"column":29},"end":{"line":3,"column":54}},"2":{"start":{"line":4,"column":15},"end":{"line":4,"column":32}},"3":{"start":{"line":5,"column":12},"end":{"line":5,"column":32}},"4":{"start":{"line":6,"column":16},"end":{"line":6,"column":33}},"5":{"start":{"line":7,"column":15},"end":{"line":7,"column":27}},"6":{"start":{"line":9,"column":0},"end":{"line":30,"column":3}},"7":{"start":{"line":11,"column":19},"end":{"line":11,"column":37}},"8":{"start":{"line":12,"column":4},"end":{"line":14,"column":5}},"9":{"start":{"line":13,"column":8},"end":{"line":13,"column":77}},"10":{"start":{"line":16,"column":17},"end":{"line":16,"column":60}},"11":{"start":{"line":17,"column":4},"end":{"line":20,"column":5}},"12":{"start":{"line":18,"column":8},"end":{"line":18,"column":38}},"13":{"start":{"line":19,"column":8},"end":{"line":19,"column":65}},"14":{"start":{"line":22,"column":22},"end":{"line":22,"column":76}},"15":{"start":{"line":23,"column":4},"end":{"line":26,"column":5}},"16":{"start":{"line":24,"column":8},"end":{"line":24,"column":41}},"17":{"start":{"line":25,"column":7},"end":{"line":25,"column":64}},"18":{"start":{"line":28,"column":18},"end":{"line":28,"column":42}},"19":{"start":{"line":29,"column":4},"end":{"line":29,"column":20}},"20":{"start":{"line":33,"column":19},"end":{"line":36,"column":6}},"21":{"start":{"line":37,"column":4},"end":{"line":37,"column":32}},"22":{"start":{"line":40,"column":0},"end":{"line":40,"column":24}}},"fnMap":{"0":{"name":"(anonymous_0)","decl":{"start":{"line":9,"column":17},"end":{"line":9,"column":18}},"loc":{"start":{"line":9,"column":36},"end":{"line":30,"column":1}},"line":9},"1":{"name":"validate","decl":{"start":{"line":32,"column":9},"end":{"line":32,"column":17}},"loc":{"start":{"line":32,"column":23},"end":{"line":38,"column":1}},"line":32}},"branchMap":{"0":{"loc":{"start":{"line":12,"column":4},"end":{"line":14,"column":5}},"type":"if","locations":[{"start":{"line":12,"column":4},"end":{"line":14,"column":5}},{"start":{"line":12,"column":4},"end":{"line":14,"column":5}}],"line":12},"1":{"loc":{"start":{"line":17,"column":4},"end":{"line":20,"column":5}},"type":"if","locations":[{"start":{"line":17,"column":4},"end":{"line":20,"column":5}},{"start":{"line":17,"column":4},"end":{"line":20,"column":5}}],"line":17},"2":{"loc":{"start":{"line":23,"column":4},"end":{"line":26,"column":5}},"type":"if","locations":[{"start":{"line":23,"column":4},"end":{"line":26,"column":5}},{"start":{"line":23,"column":4},"end":{"line":26,"column":5}}],"line":23}},"s":{"0":3,"1":3,"2":3,"3":3,"4":3,"5":3,"6":3,"7":0,"8":0,"9":0,"10":0,"11":0,"12":0,"13":0,"14":0,"15":0,"16":0,"17":0,"18":0,"19":0,"20":0,"21":0,"22":3},"f":{"0":0,"1":0},"b":{"0":[0,0],"1":[0,0],"2":[0,0]},"_coverageSchema":"1a1c01bbd47fc00a2c39e90264f33305004495a9","hash":"68c149a09fa404b98d6da2224349df40ac39b5bf"}
,"/Users/abdulsamad/Documents/Developer/NodeJS-Development/Node-JS/Vidly-Project/Routers/customer-route.js": {"path":"/Users/abdulsamad/Documents/Developer/NodeJS-Development/Node-JS/Vidly-Project/Routers/customer-route.js","statementMap":{"0":{"start":{"line":1,"column":37},"end":{"line":1,"column":66}},"1":{"start":{"line":2,"column":12},"end":{"line":2,"column":30}},"2":{"start":{"line":3,"column":13},"end":{"line":3,"column":41}},"3":{"start":{"line":4,"column":15},"end":{"line":4,"column":27}},"4":{"start":{"line":6,"column":0},"end":{"line":9,"column":3}},"5":{"start":{"line":7,"column":22},"end":{"line":7,"column":43}},"6":{"start":{"line":8,"column":4},"end":{"line":8,"column":24}},"7":{"start":{"line":11,"column":0},"end":{"line":19,"column":3}},"8":{"start":{"line":12,"column":19},"end":{"line":12,"column":45}},"9":{"start":{"line":13,"column":4},"end":{"line":15,"column":5}},"10":{"start":{"line":14,"column":8},"end":{"line":14,"column":51}},"11":{"start":{"line":16,"column":21},"end":{"line":16,"column":43}},"12":{"start":{"line":17,"column":24},"end":{"line":17,"column":45}},"13":{"start":{"line":18,"column":4},"end":{"line":18,"column":26}},"14":{"start":{"line":21,"column":0},"end":{"line":33,"column":3}},"15":{"start":{"line":23,"column":4},"end":{"line":25,"column":5}},"16":{"start":{"line":24,"column":8},"end":{"line":24,"column":51}},"17":{"start":{"line":26,"column":4},"end":{"line":32,"column":7}},"18":{"start":{"line":27,"column":8},"end":{"line":31,"column":9}},"19":{"start":{"line":28,"column":12},"end":{"line":28,"column":40}},"20":{"start":{"line":30,"column":12},"end":{"line":30,"column":29}},"21":{"start":{"line":35,"column":0},"end":{"line":35,"column":24}}},"fnMap":{"0":{"name":"(anonymous_0)","decl":{"start":{"line":6,"column":16},"end":{"line":6,"column":17}},"loc":{"start":{"line":6,"column":36},"end":{"line":9,"column":1}},"line":6},"1":{"name":"(anonymous_1)","decl":{"start":{"line":11,"column":23},"end":{"line":11,"column":24}},"loc":{"start":{"line":11,"column":43},"end":{"line":19,"column":1}},"line":11},"2":{"name":"(anonymous_2)","decl":{"start":{"line":21,"column":25},"end":{"line":21,"column":26}},"loc":{"start":{"line":21,"column":44},"end":{"line":33,"column":1}},"line":21},"3":{"name":"(anonymous_3)","decl":{"start":{"line":26,"column":135},"end":{"line":26,"column":136}},"loc":{"start":{"line":26,"column":154},"end":{"line":32,"column":5}},"line":26}},"branchMap":{"0":{"loc":{"start":{"line":13,"column":4},"end":{"line":15,"column":5}},"type":"if","locations":[{"start":{"line":13,"column":4},"end":{"line":15,"column":5}},{"start":{"line":13,"column":4},"end":{"line":15,"column":5}}],"line":13},"1":{"loc":{"start":{"line":23,"column":4},"end":{"line":25,"column":5}},"type":"if","locations":[{"start":{"line":23,"column":4},"end":{"line":25,"column":5}},{"start":{"line":23,"column":4},"end":{"line":25,"column":5}}],"line":23},"2":{"loc":{"start":{"line":27,"column":8},"end":{"line":31,"column":9}},"type":"if","locations":[{"start":{"line":27,"column":8},"end":{"line":31,"column":9}},{"start":{"line":27,"column":8},"end":{"line":31,"column":9}}],"line":27}},"s":{"0":3,"1":3,"2":3,"3":3,"4":3,"5":0,"6":0,"7":3,"8":0,"9":0,"10":0,"11":0,"12":0,"13":0,"14":3,"15":0,"16":0,"17":0,"18":0,"19":0,"20":0,"21":3},"f":{"0":0,"1":0,"2":0,"3":0},"b":{"0":[0,0],"1":[0,0],"2":[0,0]},"_coverageSchema":"1a1c01bbd47fc00a2c39e90264f33305004495a9","hash":"94c3fcacf97c6185f1d092b23d9902623569bdef"}
,"/Users/abdulsamad/Documents/Developer/NodeJS-Development/Node-JS/Vidly-Project/Routers/genere-route.js": {"path":"/Users/abdulsamad/Documents/Developer/NodeJS-Development/Node-JS/Vidly-Project/Routers/genere-route.js","statementMap":{"0":{"start":{"line":1,"column":16},"end":{"line":1,"column":34}},"1":{"start":{"line":2,"column":26},"end":{"line":2,"column":67}},"2":{"start":{"line":3,"column":24},"end":{"line":3,"column":53}},"3":{"start":{"line":4,"column":13},"end":{"line":4,"column":41}},"4":{"start":{"line":5,"column":12},"end":{"line":5,"column":26}},"5":{"start":{"line":6,"column":14},"end":{"line":6,"column":43}},"6":{"start":{"line":7,"column":31},"end":{"line":7,"column":58}},"7":{"start":{"line":8,"column":18},"end":{"line":8,"column":37}},"8":{"start":{"line":9,"column":15},"end":{"line":9,"column":31}},"9":{"start":{"line":11,"column":0},"end":{"line":14,"column":4}},"10":{"start":{"line":12,"column":19},"end":{"line":12,"column":38}},"11":{"start":{"line":13,"column":4},"end":{"line":13,"column":21}},"12":{"start":{"line":16,"column":0},"end":{"line":22,"column":3}},"13":{"start":{"line":17,"column":4},"end":{"line":19,"column":5}},"14":{"start":{"line":18,"column":7},"end":{"line":18,"column":77}},"15":{"start":{"line":20,"column":19},"end":{"line":20,"column":62}},"16":{"start":{"line":21,"column":4},"end":{"line":21,"column":105}},"17":{"start":{"line":24,"column":1},"end":{"line":38,"column":2}},"18":{"start":{"line":25,"column":19},"end":{"line":27,"column":5}},"19":{"start":{"line":29,"column":20},"end":{"line":29,"column":50}},"20":{"start":{"line":30,"column":4},"end":{"line":32,"column":5}},"21":{"start":{"line":31,"column":8},"end":{"line":31,"column":62}},"22":{"start":{"line":33,"column":19},"end":{"line":35,"column":6}},"23":{"start":{"line":36,"column":23},"end":{"line":36,"column":42}},"24":{"start":{"line":37,"column":4},"end":{"line":37,"column":37}},"25":{"start":{"line":40,"column":0},"end":{"line":56,"column":3}},"26":{"start":{"line":42,"column":19},"end":{"line":44,"column":5}},"27":{"start":{"line":45,"column":20},"end":{"line":45,"column":50}},"28":{"start":{"line":46,"column":4},"end":{"line":48,"column":5}},"29":{"start":{"line":47,"column":8},"end":{"line":47,"column":62}},"30":{"start":{"line":49,"column":26},"end":{"line":55,"column":6}},"31":{"start":{"line":50,"column":8},"end":{"line":54,"column":9}},"32":{"start":{"line":51,"column":12},"end":{"line":51,"column":48}},"33":{"start":{"line":53,"column":12},"end":{"line":53,"column":29}},"34":{"start":{"line":58,"column":0},"end":{"line":66,"column":3}},"35":{"start":{"line":59,"column":26},"end":{"line":65,"column":6}},"36":{"start":{"line":60,"column":8},"end":{"line":64,"column":9}},"37":{"start":{"line":61,"column":12},"end":{"line":61,"column":48}},"38":{"start":{"line":63,"column":12},"end":{"line":63,"column":29}},"39":{"start":{"line":68,"column":0},"end":{"line":68,"column":24}}},"fnMap":{"0":{"name":"(anonymous_0)","decl":{"start":{"line":11,"column":32},"end":{"line":11,"column":33}},"loc":{"start":{"line":11,"column":52},"end":{"line":14,"column":1}},"line":11},"1":{"name":"(anonymous_1)","decl":{"start":{"line":16,"column":38},"end":{"line":16,"column":39}},"loc":{"start":{"line":16,"column":58},"end":{"line":22,"column":1}},"line":16},"2":{"name":"(anonymous_2)","decl":{"start":{"line":24,"column":24},"end":{"line":24,"column":25}},"loc":{"start":{"line":24,"column":44},"end":{"line":38,"column":1}},"line":24},"3":{"name":"(anonymous_3)","decl":{"start":{"line":40,"column":25},"end":{"line":40,"column":26}},"loc":{"start":{"line":40,"column":45},"end":{"line":56,"column":1}},"line":40},"4":{"name":"(anonymous_4)","decl":{"start":{"line":49,"column":103},"end":{"line":49,"column":104}},"loc":{"start":{"line":49,"column":122},"end":{"line":55,"column":5}},"line":49},"5":{"name":"(anonymous_5)","decl":{"start":{"line":58,"column":37},"end":{"line":58,"column":38}},"loc":{"start":{"line":58,"column":57},"end":{"line":66,"column":1}},"line":58},"6":{"name":"(anonymous_6)","decl":{"start":{"line":59,"column":72},"end":{"line":59,"column":73}},"loc":{"start":{"line":59,"column":91},"end":{"line":65,"column":5}},"line":59}},"branchMap":{"0":{"loc":{"start":{"line":17,"column":4},"end":{"line":19,"column":5}},"type":"if","locations":[{"start":{"line":17,"column":4},"end":{"line":19,"column":5}},{"start":{"line":17,"column":4},"end":{"line":19,"column":5}}],"line":17},"1":{"loc":{"start":{"line":21,"column":4},"end":{"line":21,"column":105}},"type":"cond-expr","locations":[{"start":{"line":21,"column":23},"end":{"line":21,"column":86}},{"start":{"line":21,"column":89},"end":{"line":21,"column":105}}],"line":21},"2":{"loc":{"start":{"line":30,"column":4},"end":{"line":32,"column":5}},"type":"if","locations":[{"start":{"line":30,"column":4},"end":{"line":32,"column":5}},{"start":{"line":30,"column":4},"end":{"line":32,"column":5}}],"line":30},"3":{"loc":{"start":{"line":46,"column":4},"end":{"line":48,"column":5}},"type":"if","locations":[{"start":{"line":46,"column":4},"end":{"line":48,"column":5}},{"start":{"line":46,"column":4},"end":{"line":48,"column":5}}],"line":46},"4":{"loc":{"start":{"line":50,"column":8},"end":{"line":54,"column":9}},"type":"if","locations":[{"start":{"line":50,"column":8},"end":{"line":54,"column":9}},{"start":{"line":50,"column":8},"end":{"line":54,"column":9}}],"line":50},"5":{"loc":{"start":{"line":60,"column":8},"end":{"line":64,"column":9}},"type":"if","locations":[{"start":{"line":60,"column":8},"end":{"line":64,"column":9}},{"start":{"line":60,"column":8},"end":{"line":64,"column":9}}],"line":60}},"s":{"0":3,"1":3,"2":3,"3":3,"4":3,"5":3,"6":3,"7":3,"8":3,"9":3,"10":1,"11":1,"12":3,"13":1,"14":0,"15":1,"16":1,"17":3,"18":4,"19":4,"20":4,"21":2,"22":2,"23":2,"24":2,"25":3,"26":0,"27":0,"28":0,"29":0,"30":0,"31":0,"32":0,"33":0,"34":3,"35":0,"36":0,"37":0,"38":0,"39":3},"f":{"0":1,"1":1,"2":4,"3":0,"4":0,"5":0,"6":0},"b":{"0":[0,1],"1":[0,1],"2":[2,2],"3":[0,0],"4":[0,0],"5":[0,0]},"_coverageSchema":"1a1c01bbd47fc00a2c39e90264f33305004495a9","hash":"c038f0978ba532da377a982c726f5d48e1c8c87e"}
,"/Users/abdulsamad/Documents/Developer/NodeJS-Development/Node-JS/Vidly-Project/Routers/movie-route.js": {"path":"/Users/abdulsamad/Documents/Developer/NodeJS-Development/Node-JS/Vidly-Project/Routers/movie-route.js","statementMap":{"0":{"start":{"line":1,"column":12},"end":{"line":1,"column":30}},"1":{"start":{"line":2,"column":13},"end":{"line":2,"column":41}},"2":{"start":{"line":3,"column":15},"end":{"line":3,"column":27}},"3":{"start":{"line":4,"column":31},"end":{"line":4,"column":57}},"4":{"start":{"line":5,"column":31},"end":{"line":5,"column":58}},"5":{"start":{"line":7,"column":0},"end":{"line":11,"column":2}},"6":{"start":{"line":8,"column":19},"end":{"line":9,"column":87}},"7":{"start":{"line":10,"column":4},"end":{"line":10,"column":21}},"8":{"start":{"line":13,"column":0},"end":{"line":31,"column":3}},"9":{"start":{"line":14,"column":19},"end":{"line":14,"column":42}},"10":{"start":{"line":15,"column":4},"end":{"line":17,"column":5}},"11":{"start":{"line":16,"column":8},"end":{"line":16,"column":69}},"12":{"start":{"line":19,"column":19},"end":{"line":19,"column":59}},"13":{"start":{"line":20,"column":4},"end":{"line":22,"column":5}},"14":{"start":{"line":21,"column":8},"end":{"line":21,"column":78}},"15":{"start":{"line":24,"column":21},"end":{"line":29,"column":6}},"16":{"start":{"line":30,"column":4},"end":{"line":30,"column":43}},"17":{"start":{"line":33,"column":0},"end":{"line":33,"column":24}}},"fnMap":{"0":{"name":"(anonymous_0)","decl":{"start":{"line":7,"column":16},"end":{"line":7,"column":17}},"loc":{"start":{"line":7,"column":35},"end":{"line":11,"column":1}},"line":7},"1":{"name":"(anonymous_1)","decl":{"start":{"line":13,"column":23},"end":{"line":13,"column":24}},"loc":{"start":{"line":13,"column":43},"end":{"line":31,"column":1}},"line":13}},"branchMap":{"0":{"loc":{"start":{"line":15,"column":4},"end":{"line":17,"column":5}},"type":"if","locations":[{"start":{"line":15,"column":4},"end":{"line":17,"column":5}},{"start":{"line":15,"column":4},"end":{"line":17,"column":5}}],"line":15},"1":{"loc":{"start":{"line":20,"column":4},"end":{"line":22,"column":5}},"type":"if","locations":[{"start":{"line":20,"column":4},"end":{"line":22,"column":5}},{"start":{"line":20,"column":4},"end":{"line":22,"column":5}}],"line":20}},"s":{"0":3,"1":3,"2":3,"3":3,"4":3,"5":3,"6":0,"7":0,"8":3,"9":0,"10":0,"11":0,"12":0,"13":0,"14":0,"15":0,"16":0,"17":3},"f":{"0":0,"1":0},"b":{"0":[0,0],"1":[0,0]},"_coverageSchema":"1a1c01bbd47fc00a2c39e90264f33305004495a9","hash":"0efef7ebb1ae2714b305b64b640688618653399f"}
,"/Users/abdulsamad/Documents/Developer/NodeJS-Development/Node-JS/Vidly-Project/Routers/rental-route.js": {"path":"/Users/abdulsamad/Documents/Developer/NodeJS-Development/Node-JS/Vidly-Project/Routers/rental-route.js","statementMap":{"0":{"start":{"line":1,"column":13},"end":{"line":1,"column":28}},"1":{"start":{"line":2,"column":12},"end":{"line":2,"column":30}},"2":{"start":{"line":3,"column":13},"end":{"line":3,"column":41}},"3":{"start":{"line":4,"column":17},"end":{"line":4,"column":36}},"4":{"start":{"line":5,"column":15},"end":{"line":5,"column":27}},"5":{"start":{"line":6,"column":32},"end":{"line":6,"column":59}},"6":{"start":{"line":7,"column":53},"end":{"line":7,"column":82}},"7":{"start":{"line":8,"column":44},"end":{"line":8,"column":70}},"8":{"start":{"line":10,"column":0},"end":{"line":10,"column":20}},"9":{"start":{"line":12,"column":0},"end":{"line":15,"column":3}},"10":{"start":{"line":13,"column":20},"end":{"line":13,"column":39}},"11":{"start":{"line":14,"column":4},"end":{"line":14,"column":22}},"12":{"start":{"line":17,"column":0},"end":{"line":49,"column":3}},"13":{"start":{"line":18,"column":4},"end":{"line":20,"column":5}},"14":{"start":{"line":19,"column":8},"end":{"line":19,"column":68}},"15":{"start":{"line":22,"column":18},"end":{"line":22,"column":101}},"16":{"start":{"line":23,"column":21},"end":{"line":23,"column":112}},"17":{"start":{"line":25,"column":4},"end":{"line":27,"column":5}},"18":{"start":{"line":26,"column":8},"end":{"line":26,"column":67}},"19":{"start":{"line":29,"column":4},"end":{"line":31,"column":5}},"20":{"start":{"line":30,"column":8},"end":{"line":30,"column":58}},"21":{"start":{"line":32,"column":19},"end":{"line":34,"column":6}},"22":{"start":{"line":36,"column":4},"end":{"line":48,"column":5}},"23":{"start":{"line":37,"column":8},"end":{"line":42,"column":15}},"24":{"start":{"line":44,"column":8},"end":{"line":44,"column":40}},"25":{"start":{"line":45,"column":8},"end":{"line":45,"column":25}},"26":{"start":{"line":47,"column":8},"end":{"line":47,"column":53}},"27":{"start":{"line":50,"column":0},"end":{"line":50,"column":25}}},"fnMap":{"0":{"name":"(anonymous_0)","decl":{"start":{"line":12,"column":16},"end":{"line":12,"column":17}},"loc":{"start":{"line":12,"column":36},"end":{"line":15,"column":1}},"line":12},"1":{"name":"(anonymous_1)","decl":{"start":{"line":17,"column":23},"end":{"line":17,"column":24}},"loc":{"start":{"line":17,"column":43},"end":{"line":49,"column":1}},"line":17}},"branchMap":{"0":{"loc":{"start":{"line":18,"column":4},"end":{"line":20,"column":5}},"type":"if","locations":[{"start":{"line":18,"column":4},"end":{"line":20,"column":5}},{"start":{"line":18,"column":4},"end":{"line":20,"column":5}}],"line":18},"1":{"loc":{"start":{"line":25,"column":4},"end":{"line":27,"column":5}},"type":"if","locations":[{"start":{"line":25,"column":4},"end":{"line":27,"column":5}},{"start":{"line":25,"column":4},"end":{"line":27,"column":5}}],"line":25},"2":{"loc":{"start":{"line":25,"column":7},"end":{"line":25,"column":40}},"type":"binary-expr","locations":[{"start":{"line":25,"column":7},"end":{"line":25,"column":20}},{"start":{"line":25,"column":24},"end":{"line":25,"column":40}}],"line":25},"3":{"loc":{"start":{"line":29,"column":4},"end":{"line":31,"column":5}},"type":"if","locations":[{"start":{"line":29,"column":4},"end":{"line":31,"column":5}},{"start":{"line":29,"column":4},"end":{"line":31,"column":5}}],"line":29}},"s":{"0":3,"1":3,"2":3,"3":3,"4":3,"5":3,"6":3,"7":3,"8":3,"9":3,"10":0,"11":0,"12":3,"13":0,"14":0,"15":0,"16":0,"17":0,"18":0,"19":0,"20":0,"21":0,"22":0,"23":0,"24":0,"25":0,"26":0,"27":3},"f":{"0":0,"1":0},"b":{"0":[0,0],"1":[0,0],"2":[0,0],"3":[0,0]},"_coverageSchema":"1a1c01bbd47fc00a2c39e90264f33305004495a9","hash":"294af17ee2f31b646dafabcbb84da4beaa1654de"}
,"/Users/abdulsamad/Documents/Developer/NodeJS-Development/Node-JS/Vidly-Project/Routers/returns-route.js": {"path":"/Users/abdulsamad/Documents/Developer/NodeJS-Development/Node-JS/Vidly-Project/Routers/returns-route.js","statementMap":{"0":{"start":{"line":1,"column":16},"end":{"line":1,"column":34}},"1":{"start":{"line":2,"column":13},"end":{"line":2,"column":41}},"2":{"start":{"line":3,"column":46},"end":{"line":3,"column":74}},"3":{"start":{"line":4,"column":15},"end":{"line":4,"column":31}},"4":{"start":{"line":7,"column":0},"end":{"line":27,"column":3}},"5":{"start":{"line":9,"column":29},"end":{"line":9,"column":59}},"6":{"start":{"line":10,"column":4},"end":{"line":12,"column":5}},"7":{"start":{"line":11,"column":8},"end":{"line":11,"column":55}},"8":{"start":{"line":13,"column":19},"end":{"line":16,"column":10}},"9":{"start":{"line":18,"column":4},"end":{"line":20,"column":5}},"10":{"start":{"line":19,"column":8},"end":{"line":19,"column":49}},"11":{"start":{"line":21,"column":4},"end":{"line":23,"column":5}},"12":{"start":{"line":22,"column":8},"end":{"line":22,"column":64}},"13":{"start":{"line":24,"column":4},"end":{"line":24,"column":30}},"14":{"start":{"line":25,"column":4},"end":{"line":25,"column":24}},"15":{"start":{"line":26,"column":4},"end":{"line":26,"column":40}},"16":{"start":{"line":29,"column":0},"end":{"line":29,"column":24}}},"fnMap":{"0":{"name":"(anonymous_0)","decl":{"start":{"line":7,"column":23},"end":{"line":7,"column":24}},"loc":{"start":{"line":7,"column":42},"end":{"line":27,"column":1}},"line":7}},"branchMap":{"0":{"loc":{"start":{"line":10,"column":4},"end":{"line":12,"column":5}},"type":"if","locations":[{"start":{"line":10,"column":4},"end":{"line":12,"column":5}},{"start":{"line":10,"column":4},"end":{"line":12,"column":5}}],"line":10},"1":{"loc":{"start":{"line":18,"column":4},"end":{"line":20,"column":5}},"type":"if","locations":[{"start":{"line":18,"column":4},"end":{"line":20,"column":5}},{"start":{"line":18,"column":4},"end":{"line":20,"column":5}}],"line":18},"2":{"loc":{"start":{"line":21,"column":4},"end":{"line":23,"column":5}},"type":"if","locations":[{"start":{"line":21,"column":4},"end":{"line":23,"column":5}},{"start":{"line":21,"column":4},"end":{"line":23,"column":5}}],"line":21}},"s":{"0":3,"1":3,"2":3,"3":3,"4":3,"5":5,"6":5,"7":1,"8":4,"9":4,"10":1,"11":3,"12":1,"13":2,"14":2,"15":2,"16":3},"f":{"0":5},"b":{"0":[1,4],"1":[1,3],"2":[1,2]},"_coverageSchema":"1a1c01bbd47fc00a2c39e90264f33305004495a9","hash":"80fb254a12bf333637a6306a9f571097a43c51aa"}
,"/Users/abdulsamad/Documents/Developer/NodeJS-Development/Node-JS/Vidly-Project/Routers/user-route.js": {"path":"/Users/abdulsamad/Documents/Developer/NodeJS-Development/Node-JS/Vidly-Project/Routers/user-route.js","statementMap":{"0":{"start":{"line":1,"column":12},"end":{"line":1,"column":30}},"1":{"start":{"line":2,"column":12},"end":{"line":2,"column":35}},"2":{"start":{"line":3,"column":15},"end":{"line":3,"column":32}},"3":{"start":{"line":4,"column":13},"end":{"line":4,"column":41}},"4":{"start":{"line":5,"column":15},"end":{"line":5,"column":32}},"5":{"start":{"line":6,"column":15},"end":{"line":6,"column":32}},"6":{"start":{"line":7,"column":15},"end":{"line":7,"column":27}},"7":{"start":{"line":8,"column":29},"end":{"line":8,"column":54}},"8":{"start":{"line":10,"column":0},"end":{"line":14,"column":3}},"9":{"start":{"line":12,"column":18},"end":{"line":12,"column":35}},"10":{"start":{"line":13,"column":4},"end":{"line":13,"column":20}},"11":{"start":{"line":16,"column":0},"end":{"line":26,"column":3}},"12":{"start":{"line":17,"column":4},"end":{"line":19,"column":5}},"13":{"start":{"line":18,"column":8},"end":{"line":18,"column":59}},"14":{"start":{"line":20,"column":17},"end":{"line":21,"column":24}},"15":{"start":{"line":22,"column":4},"end":{"line":24,"column":5}},"16":{"start":{"line":23,"column":8},"end":{"line":23,"column":54}},"17":{"start":{"line":25,"column":4},"end":{"line":25,"column":19}},"18":{"start":{"line":28,"column":0},"end":{"line":42,"column":3}},"19":{"start":{"line":30,"column":19},"end":{"line":30,"column":41}},"20":{"start":{"line":31,"column":4},"end":{"line":33,"column":5}},"21":{"start":{"line":32,"column":8},"end":{"line":32,"column":69}},"22":{"start":{"line":34,"column":17},"end":{"line":34,"column":80}},"23":{"start":{"line":35,"column":17},"end":{"line":35,"column":41}},"24":{"start":{"line":36,"column":4},"end":{"line":36,"column":59}},"25":{"start":{"line":37,"column":4},"end":{"line":37,"column":22}},"26":{"start":{"line":39,"column":25},"end":{"line":39,"column":68}},"27":{"start":{"line":40,"column":18},"end":{"line":40,"column":42}},"28":{"start":{"line":41,"column":4},"end":{"line":41,"column":59}},"29":{"start":{"line":44,"column":0},"end":{"line":44,"column":24}}},"fnMap":{"0":{"name":"(anonymous_0)","decl":{"start":{"line":10,"column":16},"end":{"line":10,"column":17}},"loc":{"start":{"line":10,"column":35},"end":{"line":14,"column":1}},"line":10},"1":{"name":"(anonymous_1)","decl":{"start":{"line":16,"column":24},"end":{"line":16,"column":25}},"loc":{"start":{"line":16,"column":43},"end":{"line":26,"column":1}},"line":16},"2":{"name":"(anonymous_2)","decl":{"start":{"line":28,"column":17},"end":{"line":28,"column":18}},"loc":{"start":{"line":28,"column":36},"end":{"line":42,"column":1}},"line":28}},"branchMap":{"0":{"loc":{"start":{"line":17,"column":4},"end":{"line":19,"column":5}},"type":"if","locations":[{"start":{"line":17,"column":4},"end":{"line":19,"column":5}},{"start":{"line":17,"column":4},"end":{"line":19,"column":5}}],"line":17},"1":{"loc":{"start":{"line":22,"column":4},"end":{"line":24,"column":5}},"type":"if","locations":[{"start":{"line":22,"column":4},"end":{"line":24,"column":5}},{"start":{"line":22,"column":4},"end":{"line":24,"column":5}}],"line":22},"2":{"loc":{"start":{"line":31,"column":4},"end":{"line":33,"column":5}},"type":"if","locations":[{"start":{"line":31,"column":4},"end":{"line":33,"column":5}},{"start":{"line":31,"column":4},"end":{"line":33,"column":5}}],"line":31}},"s":{"0":3,"1":3,"2":3,"3":3,"4":3,"5":3,"6":3,"7":3,"8":3,"9":0,"10":0,"11":3,"12":0,"13":0,"14":0,"15":0,"16":0,"17":0,"18":3,"19":0,"20":0,"21":0,"22":0,"23":0,"24":0,"25":0,"26":0,"27":0,"28":0,"29":3},"f":{"0":0,"1":0,"2":0},"b":{"0":[0,0],"1":[0,0],"2":[0,0]},"_coverageSchema":"1a1c01bbd47fc00a2c39e90264f33305004495a9","hash":"49432c75c88fe5e82ea395b4e0266715e1ab0599"}
,"/Users/abdulsamad/Documents/Developer/NodeJS-Development/Node-JS/Vidly-Project/middlware/admin.js": {"path":"/Users/abdulsamad/Documents/Developer/NodeJS-Development/Node-JS/Vidly-Project/middlware/admin.js","statementMap":{"0":{"start":{"line":2,"column":0},"end":{"line":7,"column":1}},"1":{"start":{"line":3,"column":4},"end":{"line":5,"column":5}},"2":{"start":{"line":4,"column":8},"end":{"line":4,"column":53}},"3":{"start":{"line":6,"column":4},"end":{"line":6,"column":11}}},"fnMap":{"0":{"name":"(anonymous_0)","decl":{"start":{"line":2,"column":17},"end":{"line":2,"column":18}},"loc":{"start":{"line":2,"column":37},"end":{"line":7,"column":1}},"line":2}},"branchMap":{"0":{"loc":{"start":{"line":3,"column":4},"end":{"line":5,"column":5}},"type":"if","locations":[{"start":{"line":3,"column":4},"end":{"line":5,"column":5}},{"start":{"line":3,"column":4},"end":{"line":5,"column":5}}],"line":3}},"s":{"0":3,"1":0,"2":0,"3":0},"f":{"0":0},"b":{"0":[0,0]},"_coverageSchema":"1a1c01bbd47fc00a2c39e90264f33305004495a9","hash":"0902e586a9603117e24a1615e00643c2f8222143"}
,"/Users/abdulsamad/Documents/Developer/NodeJS-Development/Node-JS/Vidly-Project/middlware/async.js": {"path":"/Users/abdulsamad/Documents/Developer/NodeJS-Development/Node-JS/Vidly-Project/middlware/async.js","statementMap":{"0":{"start":{"line":1,"column":0},"end":{"line":10,"column":1}},"1":{"start":{"line":2,"column":4},"end":{"line":9,"column":6}},"2":{"start":{"line":3,"column":8},"end":{"line":8,"column":9}},"3":{"start":{"line":4,"column":11},"end":{"line":4,"column":35}},"4":{"start":{"line":7,"column":11},"end":{"line":7,"column":20}}},"fnMap":{"0":{"name":"asyncMiddleware","decl":{"start":{"line":1,"column":26},"end":{"line":1,"column":41}},"loc":{"start":{"line":1,"column":51},"end":{"line":10,"column":1}},"line":1},"1":{"name":"(anonymous_1)","decl":{"start":{"line":2,"column":11},"end":{"line":2,"column":12}},"loc":{"start":{"line":2,"column":37},"end":{"line":9,"column":5}},"line":2}},"branchMap":{},"s":{"0":3,"1":3,"2":1,"3":1,"4":0},"f":{"0":3,"1":1},"b":{},"_coverageSchema":"1a1c01bbd47fc00a2c39e90264f33305004495a9","hash":"27ed0eef076fa877bf743f24f8b63fbef08c676a"}
,"/Users/abdulsamad/Documents/Developer/NodeJS-Development/Node-JS/Vidly-Project/middlware/auth.js": {"path":"/Users/abdulsamad/Documents/Developer/NodeJS-Development/Node-JS/Vidly-Project/middlware/auth.js","statementMap":{"0":{"start":{"line":1,"column":16},"end":{"line":1,"column":33}},"1":{"start":{"line":2,"column":13},"end":{"line":2,"column":36}},"2":{"start":{"line":4,"column":0},"end":{"line":17,"column":1}},"3":{"start":{"line":5,"column":18},"end":{"line":5,"column":44}},"4":{"start":{"line":6,"column":4},"end":{"line":8,"column":5}},"5":{"start":{"line":7,"column":8},"end":{"line":7,"column":76}},"6":{"start":{"line":9,"column":4},"end":{"line":16,"column":5}},"7":{"start":{"line":10,"column":29},"end":{"line":10,"column":84}},"8":{"start":{"line":11,"column":8},"end":{"line":11,"column":32}},"9":{"start":{"line":12,"column":8},"end":{"line":12,"column":15}},"10":{"start":{"line":15,"column":8},"end":{"line":15,"column":58}}},"fnMap":{"0":{"name":"(anonymous_0)","decl":{"start":{"line":4,"column":17},"end":{"line":4,"column":18}},"loc":{"start":{"line":4,"column":37},"end":{"line":17,"column":1}},"line":4}},"branchMap":{"0":{"loc":{"start":{"line":6,"column":4},"end":{"line":8,"column":5}},"type":"if","locations":[{"start":{"line":6,"column":4},"end":{"line":8,"column":5}},{"start":{"line":6,"column":4},"end":{"line":8,"column":5}}],"line":6}},"s":{"0":3,"1":3,"2":3,"3":12,"4":12,"5":2,"6":10,"7":10,"8":9,"9":9,"10":1},"f":{"0":12},"b":{"0":[2,10]},"_coverageSchema":"1a1c01bbd47fc00a2c39e90264f33305004495a9","hash":"683faafee55f42edece8079d5ae04a46703de3d8"}
,"/Users/abdulsamad/Documents/Developer/NodeJS-Development/Node-JS/Vidly-Project/middlware/error.js": {"path":"/Users/abdulsamad/Documents/Developer/NodeJS-Development/Node-JS/Vidly-Project/middlware/error.js","statementMap":{"0":{"start":{"line":1,"column":16},"end":{"line":1,"column":34}},"1":{"start":{"line":3,"column":0},"end":{"line":6,"column":2}},"2":{"start":{"line":4,"column":4},"end":{"line":4,"column":40}},"3":{"start":{"line":5,"column":4},"end":{"line":5,"column":40}}},"fnMap":{"0":{"name":"(anonymous_0)","decl":{"start":{"line":3,"column":17},"end":{"line":3,"column":18}},"loc":{"start":{"line":3,"column":49},"end":{"line":6,"column":1}},"line":3}},"branchMap":{},"s":{"0":3,"1":3,"2":0,"3":0},"f":{"0":0},"b":{},"_coverageSchema":"1a1c01bbd47fc00a2c39e90264f33305004495a9","hash":"a028a6404f046b8fd243590db10c357d1c8c673e"}
,"/Users/abdulsamad/Documents/Developer/NodeJS-Development/Node-JS/Vidly-Project/middlware/validateObjectIds.js": {"path":"/Users/abdulsamad/Documents/Developer/NodeJS-Development/Node-JS/Vidly-Project/middlware/validateObjectIds.js","statementMap":{"0":{"start":{"line":1,"column":18},"end":{"line":1,"column":37}},"1":{"start":{"line":2,"column":0},"end":{"line":7,"column":1}},"2":{"start":{"line":3,"column":4},"end":{"line":5,"column":5}},"3":{"start":{"line":4,"column":8},"end":{"line":4,"column":57}},"4":{"start":{"line":6,"column":4},"end":{"line":6,"column":11}}},"fnMap":{"0":{"name":"(anonymous_0)","decl":{"start":{"line":2,"column":17},"end":{"line":2,"column":18}},"loc":{"start":{"line":2,"column":41},"end":{"line":7,"column":1}},"line":2}},"branchMap":{"0":{"loc":{"start":{"line":3,"column":4},"end":{"line":5,"column":5}},"type":"if","locations":[{"start":{"line":3,"column":4},"end":{"line":5,"column":5}},{"start":{"line":3,"column":4},"end":{"line":5,"column":5}}],"line":3}},"s":{"0":3,"1":3,"2":2,"3":1,"4":1},"f":{"0":2},"b":{"0":[1,1]},"_coverageSchema":"1a1c01bbd47fc00a2c39e90264f33305004495a9","hash":"60b600add3c3a09590c328a5ad296ecf8ad87cc5"}
,"/Users/abdulsamad/Documents/Developer/NodeJS-Development/Node-JS/Vidly-Project/models/customer.js": {"path":"/Users/abdulsamad/Documents/Developer/NodeJS-Development/Node-JS/Vidly-Project/models/customer.js","statementMap":{"0":{"start":{"line":1,"column":12},"end":{"line":1,"column":32}},"1":{"start":{"line":2,"column":17},"end":{"line":2,"column":36}},"2":{"start":{"line":4,"column":23},"end":{"line":8,"column":2}},"3":{"start":{"line":9,"column":17},"end":{"line":9,"column":59}},"4":{"start":{"line":12,"column":19},"end":{"line":16,"column":6}},"5":{"start":{"line":17,"column":4},"end":{"line":17,"column":37}},"6":{"start":{"line":20,"column":0},"end":{"line":20,"column":47}},"7":{"start":{"line":21,"column":0},"end":{"line":21,"column":51}},"8":{"start":{"line":22,"column":0},"end":{"line":22,"column":35}}},"fnMap":{"0":{"name":"validateCustomer","decl":{"start":{"line":11,"column":9},"end":{"line":11,"column":25}},"loc":{"start":{"line":11,"column":37},"end":{"line":18,"column":1}},"line":11}},"branchMap":{},"s":{"0":3,"1":3,"2":3,"3":3,"4":0,"5":0,"6":3,"7":3,"8":3},"f":{"0":0},"b":{},"_coverageSchema":"1a1c01bbd47fc00a2c39e90264f33305004495a9","hash":"cfd2704d0518794c02701fcb3a648b2be38bbb28"}
,"/Users/abdulsamad/Documents/Developer/NodeJS-Development/Node-JS/Vidly-Project/models/genere.js": {"path":"/Users/abdulsamad/Documents/Developer/NodeJS-Development/Node-JS/Vidly-Project/models/genere.js","statementMap":{"0":{"start":{"line":1,"column":12},"end":{"line":1,"column":26}},"1":{"start":{"line":2,"column":18},"end":{"line":2,"column":37}},"2":{"start":{"line":4,"column":21},"end":{"line":6,"column":2}},"3":{"start":{"line":8,"column":15},"end":{"line":8,"column":53}},"4":{"start":{"line":10,"column":0},"end":{"line":10,"column":31}},"5":{"start":{"line":11,"column":0},"end":{"line":11,"column":43}}},"fnMap":{},"branchMap":{},"s":{"0":3,"1":3,"2":3,"3":3,"4":3,"5":3},"f":{},"b":{},"_coverageSchema":"1a1c01bbd47fc00a2c39e90264f33305004495a9","hash":"6ca10d7371948634834e50b234bd5fb6e9e4c468"}
,"/Users/abdulsamad/Documents/Developer/NodeJS-Development/Node-JS/Vidly-Project/models/movie.js": {"path":"/Users/abdulsamad/Documents/Developer/NodeJS-Development/Node-JS/Vidly-Project/models/movie.js","statementMap":{"0":{"start":{"line":1,"column":12},"end":{"line":1,"column":32}},"1":{"start":{"line":2,"column":17},"end":{"line":2,"column":36}},"2":{"start":{"line":3,"column":31},"end":{"line":3,"column":50}},"3":{"start":{"line":5,"column":20},"end":{"line":11,"column":2}},"4":{"start":{"line":13,"column":14},"end":{"line":13,"column":50}},"5":{"start":{"line":16,"column":19},"end":{"line":21,"column":6}},"6":{"start":{"line":22,"column":4},"end":{"line":22,"column":34}},"7":{"start":{"line":24,"column":0},"end":{"line":24,"column":41}},"8":{"start":{"line":25,"column":0},"end":{"line":25,"column":45}},"9":{"start":{"line":26,"column":0},"end":{"line":26,"column":29}}},"fnMap":{"0":{"name":"validateMovie","decl":{"start":{"line":15,"column":9},"end":{"line":15,"column":22}},"loc":{"start":{"line":15,"column":30},"end":{"line":23,"column":1}},"line":15}},"branchMap":{},"s":{"0":3,"1":3,"2":3,"3":3,"4":3,"5":0,"6":0,"7":3,"8":3,"9":3},"f":{"0":0},"b":{},"_coverageSchema":"1a1c01bbd47fc00a2c39e90264f33305004495a9","hash":"963a76cf6fe11efb459818d8c002f347e4f378f9"}
,"/Users/abdulsamad/Documents/Developer/NodeJS-Development/Node-JS/Vidly-Project/models/rental.js": {"path":"/Users/abdulsamad/Documents/Developer/NodeJS-Development/Node-JS/Vidly-Project/models/rental.js","statementMap":{"0":{"start":{"line":1,"column":17},"end":{"line":1,"column":36}},"1":{"start":{"line":2,"column":12},"end":{"line":2,"column":32}},"2":{"start":{"line":4,"column":45},"end":{"line":4,"column":63}},"3":{"start":{"line":5,"column":54},"end":{"line":5,"column":75}},"4":{"start":{"line":7,"column":21},"end":{"line":11,"column":2}},"5":{"start":{"line":13,"column":15},"end":{"line":13,"column":53}},"6":{"start":{"line":16,"column":19},"end":{"line":19,"column":5}},"7":{"start":{"line":20,"column":4},"end":{"line":20,"column":35}},"8":{"start":{"line":23,"column":0},"end":{"line":23,"column":31}},"9":{"start":{"line":24,"column":0},"end":{"line":24,"column":47}}},"fnMap":{"0":{"name":"validateRental","decl":{"start":{"line":15,"column":9},"end":{"line":15,"column":23}},"loc":{"start":{"line":15,"column":32},"end":{"line":21,"column":1}},"line":15}},"branchMap":{},"s":{"0":3,"1":3,"2":3,"3":3,"4":3,"5":3,"6":0,"7":0,"8":3,"9":3},"f":{"0":0},"b":{},"_coverageSchema":"1a1c01bbd47fc00a2c39e90264f33305004495a9","hash":"d05234e2bccfa75b448cb7a77c7d7c31a97ad390"}
,"/Users/abdulsamad/Documents/Developer/NodeJS-Development/Node-JS/Vidly-Project/models/returns.js": {"path":"/Users/abdulsamad/Documents/Developer/NodeJS-Development/Node-JS/Vidly-Project/models/returns.js","statementMap":{"0":{"start":{"line":1,"column":12},"end":{"line":1,"column":32}},"1":{"start":{"line":2,"column":17},"end":{"line":2,"column":36}},"2":{"start":{"line":4,"column":21},"end":{"line":48,"column":3}},"3":{"start":{"line":51,"column":19},"end":{"line":54,"column":6}},"4":{"start":{"line":55,"column":4},"end":{"line":55,"column":35}},"5":{"start":{"line":58,"column":0},"end":{"line":58,"column":43}},"6":{"start":{"line":59,"column":0},"end":{"line":59,"column":59}}},"fnMap":{"0":{"name":"validateRentalReturn","decl":{"start":{"line":50,"column":9},"end":{"line":50,"column":29}},"loc":{"start":{"line":50,"column":38},"end":{"line":56,"column":1}},"line":50}},"branchMap":{},"s":{"0":3,"1":3,"2":3,"3":5,"4":5,"5":3,"6":3},"f":{"0":5},"b":{},"_coverageSchema":"1a1c01bbd47fc00a2c39e90264f33305004495a9","hash":"0e1e6b2621092a823f6f54818a096a4c3f3bc4ab"}
,"/Users/abdulsamad/Documents/Developer/NodeJS-Development/Node-JS/Vidly-Project/models/user.js": {"path":"/Users/abdulsamad/Documents/Developer/NodeJS-Development/Node-JS/Vidly-Project/models/user.js","statementMap":{"0":{"start":{"line":1,"column":17},"end":{"line":1,"column":36}},"1":{"start":{"line":2,"column":16},"end":{"line":2,"column":33}},"2":{"start":{"line":3,"column":16},"end":{"line":3,"column":33}},"3":{"start":{"line":4,"column":12},"end":{"line":4,"column":35}},"4":{"start":{"line":5,"column":12},"end":{"line":5,"column":32}},"5":{"start":{"line":6,"column":27},"end":{"line":6,"column":61}},"6":{"start":{"line":7,"column":19},"end":{"line":15,"column":2}},"7":{"start":{"line":17,"column":0},"end":{"line":22,"column":2}},"8":{"start":{"line":19,"column":25},"end":{"line":19,"column":79}},"9":{"start":{"line":20,"column":18},"end":{"line":20,"column":78}},"10":{"start":{"line":21,"column":4},"end":{"line":21,"column":17}},"11":{"start":{"line":24,"column":13},"end":{"line":24,"column":47}},"12":{"start":{"line":27,"column":28},"end":{"line":35,"column":11}},"13":{"start":{"line":37,"column":19},"end":{"line":41,"column":6}},"14":{"start":{"line":42,"column":4},"end":{"line":42,"column":37}},"15":{"start":{"line":45,"column":0},"end":{"line":45,"column":27}},"16":{"start":{"line":46,"column":0},"end":{"line":46,"column":43}}},"fnMap":{"0":{"name":"(anonymous_0)","decl":{"start":{"line":17,"column":39},"end":{"line":17,"column":40}},"loc":{"start":{"line":17,"column":50},"end":{"line":22,"column":1}},"line":17},"1":{"name":"validateUser","decl":{"start":{"line":25,"column":9},"end":{"line":25,"column":21}},"loc":{"start":{"line":25,"column":32},"end":{"line":43,"column":1}},"line":25}},"branchMap":{},"s":{"0":5,"1":5,"2":5,"3":5,"4":5,"5":5,"6":5,"7":5,"8":14,"9":14,"10":14,"11":5,"12":0,"13":0,"14":0,"15":5,"16":5},"f":{"0":14,"1":0},"b":{},"_coverageSchema":"1a1c01bbd47fc00a2c39e90264f33305004495a9","hash":"cbf1b0b238740b0e257e3762d7b4a1b962f20c2a"}
,"/Users/abdulsamad/Documents/Developer/NodeJS-Development/Node-JS/Vidly-Project/startup/config.js": {"path":"/Users/abdulsamad/Documents/Developer/NodeJS-Development/Node-JS/Vidly-Project/startup/config.js","statementMap":{"0":{"start":{"line":1,"column":16},"end":{"line":1,"column":33}},"1":{"start":{"line":2,"column":17},"end":{"line":2,"column":35}},"2":{"start":{"line":3,"column":0},"end":{"line":10,"column":1}},"3":{"start":{"line":6,"column":4},"end":{"line":9,"column":5}},"4":{"start":{"line":7,"column":8},"end":{"line":7,"column":71}},"5":{"start":{"line":8,"column":8},"end":{"line":8,"column":73}}},"fnMap":{"0":{"name":"(anonymous_0)","decl":{"start":{"line":3,"column":17},"end":{"line":3,"column":18}},"loc":{"start":{"line":3,"column":29},"end":{"line":10,"column":1}},"line":3}},"branchMap":{"0":{"loc":{"start":{"line":6,"column":4},"end":{"line":9,"column":5}},"type":"if","locations":[{"start":{"line":6,"column":4},"end":{"line":9,"column":5}},{"start":{"line":6,"column":4},"end":{"line":9,"column":5}}],"line":6}},"s":{"0":3,"1":3,"2":3,"3":3,"4":0,"5":0},"f":{"0":3},"b":{"0":[0,3]},"_coverageSchema":"1a1c01bbd47fc00a2c39e90264f33305004495a9","hash":"27bee9b27298cb550986bc7a274247a87dd38947"}
,"/Users/abdulsamad/Documents/Developer/NodeJS-Development/Node-JS/Vidly-Project/startup/dbconnectivity.js": {"path":"/Users/abdulsamad/Documents/Developer/NodeJS-Development/Node-JS/Vidly-Project/startup/dbconnectivity.js","statementMap":{"0":{"start":{"line":1,"column":17},"end":{"line":1,"column":36}},"1":{"start":{"line":2,"column":16},"end":{"line":2,"column":34}},"2":{"start":{"line":3,"column":15},"end":{"line":3,"column":32}},"3":{"start":{"line":5,"column":0},"end":{"line":11,"column":1}},"4":{"start":{"line":6,"column":4},"end":{"line":6,"column":52}},"5":{"start":{"line":7,"column":15},"end":{"line":7,"column":31}},"6":{"start":{"line":9,"column":4},"end":{"line":10,"column":70}},"7":{"start":{"line":10,"column":18},"end":{"line":10,"column":67}}},"fnMap":{"0":{"name":"(anonymous_0)","decl":{"start":{"line":5,"column":17},"end":{"line":5,"column":18}},"loc":{"start":{"line":5,"column":29},"end":{"line":11,"column":1}},"line":5},"1":{"name":"(anonymous_1)","decl":{"start":{"line":10,"column":10},"end":{"line":10,"column":11}},"loc":{"start":{"line":10,"column":16},"end":{"line":10,"column":68}},"line":10}},"branchMap":{},"s":{"0":3,"1":3,"2":3,"3":3,"4":3,"5":3,"6":3,"7":3},"f":{"0":3,"1":3},"b":{},"_coverageSchema":"1a1c01bbd47fc00a2c39e90264f33305004495a9","hash":"5085b706f2e3e4ff7c89e2a26938d40a8502f7e6"}
,"/Users/abdulsamad/Documents/Developer/NodeJS-Development/Node-JS/Vidly-Project/startup/logging.js": {"path":"/Users/abdulsamad/Documents/Developer/NodeJS-Development/Node-JS/Vidly-Project/startup/logging.js","statementMap":{"0":{"start":{"line":1,"column":12},"end":{"line":1,"column":32}},"1":{"start":{"line":2,"column":0},"end":{"line":2,"column":27}},"2":{"start":{"line":3,"column":16},"end":{"line":3,"column":34}},"3":{"start":{"line":5,"column":0},"end":{"line":15,"column":1}},"4":{"start":{"line":6,"column":4},"end":{"line":6,"column":68}},"5":{"start":{"line":7,"column":4},"end":{"line":7,"column":95}},"6":{"start":{"line":8,"column":4},"end":{"line":10,"column":7}},"7":{"start":{"line":9,"column":8},"end":{"line":9,"column":17}},"8":{"start":{"line":11,"column":4},"end":{"line":14,"column":6}}},"fnMap":{"0":{"name":"(anonymous_0)","decl":{"start":{"line":5,"column":17},"end":{"line":5,"column":18}},"loc":{"start":{"line":5,"column":28},"end":{"line":15,"column":1}},"line":5},"1":{"name":"(anonymous_1)","decl":{"start":{"line":8,"column":37},"end":{"line":8,"column":38}},"loc":{"start":{"line":8,"column":45},"end":{"line":10,"column":5}},"line":8}},"branchMap":{},"s":{"0":3,"1":3,"2":3,"3":3,"4":3,"5":3,"6":3,"7":0,"8":3},"f":{"0":3,"1":0},"b":{},"_coverageSchema":"1a1c01bbd47fc00a2c39e90264f33305004495a9","hash":"b9adb4b44fac1f04714c830916ac969cd448a4c0"}
,"/Users/abdulsamad/Documents/Developer/NodeJS-Development/Node-JS/Vidly-Project/startup/routes.js": {"path":"/Users/abdulsamad/Documents/Developer/NodeJS-Development/Node-JS/Vidly-Project/startup/routes.js","statementMap":{"0":{"start":{"line":1,"column":16},"end":{"line":1,"column":34}},"1":{"start":{"line":2,"column":14},"end":{"line":2,"column":43}},"2":{"start":{"line":3,"column":15},"end":{"line":3,"column":49}},"3":{"start":{"line":4,"column":20},"end":{"line":4,"column":53}},"4":{"start":{"line":5,"column":23},"end":{"line":5,"column":59}},"5":{"start":{"line":6,"column":21},"end":{"line":6,"column":55}},"6":{"start":{"line":7,"column":19},"end":{"line":7,"column":51}},"7":{"start":{"line":8,"column":19},"end":{"line":8,"column":51}},"8":{"start":{"line":9,"column":24},"end":{"line":9,"column":59}},"9":{"start":{"line":11,"column":0},"end":{"line":21,"column":1}},"10":{"start":{"line":12,"column":4},"end":{"line":12,"column":28}},"11":{"start":{"line":13,"column":4},"end":{"line":13,"column":40}},"12":{"start":{"line":14,"column":4},"end":{"line":14,"column":35}},"13":{"start":{"line":15,"column":4},"end":{"line":15,"column":42}},"14":{"start":{"line":16,"column":4},"end":{"line":16,"column":46}},"15":{"start":{"line":17,"column":4},"end":{"line":17,"column":38}},"16":{"start":{"line":18,"column":4},"end":{"line":18,"column":37}},"17":{"start":{"line":19,"column":4},"end":{"line":19,"column":44}},"18":{"start":{"line":20,"column":4},"end":{"line":20,"column":19}}},"fnMap":{"0":{"name":"(anonymous_0)","decl":{"start":{"line":11,"column":17},"end":{"line":11,"column":18}},"loc":{"start":{"line":11,"column":31},"end":{"line":21,"column":1}},"line":11}},"branchMap":{},"s":{"0":3,"1":3,"2":3,"3":3,"4":3,"5":3,"6":3,"7":3,"8":3,"9":3,"10":3,"11":3,"12":3,"13":3,"14":3,"15":3,"16":3,"17":3,"18":3},"f":{"0":3},"b":{},"_coverageSchema":"1a1c01bbd47fc00a2c39e90264f33305004495a9","hash":"418f31072b9e023c59eb8b8af44d5e85b11b366a"}
}
