TN:
SF:index.js
FN:12,(anonymous_0)
FNF:1
FNH:1
FNDA:3,(anonymous_0)
DA:1,3
DA:2,3
DA:3,3
DA:4,3
DA:5,3
DA:7,3
DA:8,3
DA:9,3
DA:10,3
DA:11,3
DA:12,3
DA:14,3
LF:12
LH:12
BRDA:11,0,0,3
BRDA:11,0,1,3
BRF:2
BRH:2
end_of_record
TN:
SF:Routers/auth-route.js
FN:9,(anonymous_0)
FN:32,validate
FNF:2
FNH:0
FNDA:0,(anonymous_0)
FNDA:0,validate
DA:1,3
DA:3,3
DA:4,3
DA:5,3
DA:6,3
DA:7,3
DA:9,3
DA:11,0
DA:12,0
DA:13,0
DA:16,0
DA:17,0
DA:18,0
DA:19,0
DA:22,0
DA:23,0
DA:24,0
DA:25,0
DA:28,0
DA:29,0
DA:33,0
DA:37,0
DA:40,3
LF:23
LH:8
BRDA:12,0,0,0
BRDA:12,0,1,0
BRDA:17,1,0,0
BRDA:17,1,1,0
BRDA:23,2,0,0
BRDA:23,2,1,0
BRF:6
BRH:0
end_of_record
TN:
SF:Routers/customer-route.js
FN:6,(anonymous_0)
FN:11,(anonymous_1)
FN:21,(anonymous_2)
FN:26,(anonymous_3)
FNF:4
FNH:0
FNDA:0,(anonymous_0)
FNDA:0,(anonymous_1)
FNDA:0,(anonymous_2)
FNDA:0,(anonymous_3)
DA:1,3
DA:2,3
DA:3,3
DA:4,3
DA:6,3
DA:7,0
DA:8,0
DA:11,3
DA:12,0
DA:13,0
DA:14,0
DA:16,0
DA:17,0
DA:18,0
DA:21,3
DA:23,0
DA:24,0
DA:26,0
DA:27,0
DA:28,0
DA:30,0
DA:35,3
LF:22
LH:8
BRDA:13,0,0,0
BRDA:13,0,1,0
BRDA:23,1,0,0
BRDA:23,1,1,0
BRDA:27,2,0,0
BRDA:27,2,1,0
BRF:6
BRH:0
end_of_record
TN:
SF:Routers/genere-route.js
FN:11,(anonymous_0)
FN:16,(anonymous_1)
FN:24,(anonymous_2)
FN:40,(anonymous_3)
FN:49,(anonymous_4)
FN:58,(anonymous_5)
FN:59,(anonymous_6)
FNF:7
FNH:3
FNDA:1,(anonymous_0)
FNDA:1,(anonymous_1)
FNDA:4,(anonymous_2)
FNDA:0,(anonymous_3)
FNDA:0,(anonymous_4)
FNDA:0,(anonymous_5)
FNDA:0,(anonymous_6)
DA:1,3
DA:2,3
DA:3,3
DA:4,3
DA:5,3
DA:6,3
DA:7,3
DA:8,3
DA:9,3
DA:11,3
DA:12,1
DA:13,1
DA:16,3
DA:17,1
DA:18,0
DA:20,1
DA:21,1
DA:24,3
DA:25,4
DA:29,4
DA:30,4
DA:31,2
DA:33,2
DA:36,2
DA:37,2
DA:40,3
DA:42,0
DA:45,0
DA:46,0
DA:47,0
DA:49,0
DA:50,0
DA:51,0
DA:53,0
DA:58,3
DA:59,0
DA:60,0
DA:61,0
DA:63,0
DA:68,3
LF:40
LH:27
BRDA:17,0,0,0
BRDA:17,0,1,1
BRDA:21,1,0,0
BRDA:21,1,1,1
BRDA:30,2,0,2
BRDA:30,2,1,2
BRDA:46,3,0,0
BRDA:46,3,1,0
BRDA:50,4,0,0
BRDA:50,4,1,0
BRDA:60,5,0,0
BRDA:60,5,1,0
BRF:12
BRH:4
end_of_record
TN:
SF:Routers/movie-route.js
FN:7,(anonymous_0)
FN:13,(anonymous_1)
FNF:2
FNH:0
FNDA:0,(anonymous_0)
FNDA:0,(anonymous_1)
DA:1,3
DA:2,3
DA:3,3
DA:4,3
DA:5,3
DA:7,3
DA:8,0
DA:10,0
DA:13,3
DA:14,0
DA:15,0
DA:16,0
DA:19,0
DA:20,0
DA:21,0
DA:24,0
DA:30,0
DA:33,3
LF:18
LH:8
BRDA:15,0,0,0
BRDA:15,0,1,0
BRDA:20,1,0,0
BRDA:20,1,1,0
BRF:4
BRH:0
end_of_record
TN:
SF:Routers/rental-route.js
FN:12,(anonymous_0)
FN:17,(anonymous_1)
FNF:2
FNH:0
FNDA:0,(anonymous_0)
FNDA:0,(anonymous_1)
DA:1,3
DA:2,3
DA:3,3
DA:4,3
DA:5,3
DA:6,3
DA:7,3
DA:8,3
DA:10,3
DA:12,3
DA:13,0
DA:14,0
DA:17,3
DA:18,0
DA:19,0
DA:22,0
DA:23,0
DA:25,0
DA:26,0
DA:29,0
DA:30,0
DA:32,0
DA:36,0
DA:37,0
DA:44,0
DA:45,0
DA:47,0
DA:50,3
LF:28
LH:12
BRDA:18,0,0,0
BRDA:18,0,1,0
BRDA:25,1,0,0
BRDA:25,1,1,0
BRDA:25,2,0,0
BRDA:25,2,1,0
BRDA:29,3,0,0
BRDA:29,3,1,0
BRF:8
BRH:0
end_of_record
TN:
SF:Routers/returns-route.js
FN:7,(anonymous_0)
FNF:1
FNH:1
FNDA:5,(anonymous_0)
DA:1,3
DA:2,3
DA:3,3
DA:4,3
DA:7,3
DA:9,5
DA:10,5
DA:11,1
DA:13,4
DA:18,4
DA:19,1
DA:21,3
DA:22,1
DA:24,2
DA:25,2
DA:26,2
DA:29,3
LF:17
LH:17
BRDA:10,0,0,1
BRDA:10,0,1,4
BRDA:18,1,0,1
BRDA:18,1,1,3
BRDA:21,2,0,1
BRDA:21,2,1,2
BRF:6
BRH:6
end_of_record
TN:
SF:Routers/user-route.js
FN:10,(anonymous_0)
FN:16,(anonymous_1)
FN:28,(anonymous_2)
FNF:3
FNH:0
FNDA:0,(anonymous_0)
FNDA:0,(anonymous_1)
FNDA:0,(anonymous_2)
DA:1,3
DA:2,3
DA:3,3
DA:4,3
DA:5,3
DA:6,3
DA:7,3
DA:8,3
DA:10,3
DA:12,0
DA:13,0
DA:16,3
DA:17,0
DA:18,0
DA:20,0
DA:22,0
DA:23,0
DA:25,0
DA:28,3
DA:30,0
DA:31,0
DA:32,0
DA:34,0
DA:35,0
DA:36,0
DA:37,0
DA:39,0
DA:40,0
DA:41,0
DA:44,3
LF:30
LH:12
BRDA:17,0,0,0
BRDA:17,0,1,0
BRDA:22,1,0,0
BRDA:22,1,1,0
BRDA:31,2,0,0
BRDA:31,2,1,0
BRF:6
BRH:0
end_of_record
TN:
SF:middlware/admin.js
FN:2,(anonymous_0)
FNF:1
FNH:0
FNDA:0,(anonymous_0)
DA:2,3
DA:3,0
DA:4,0
DA:6,0
LF:4
LH:1
BRDA:3,0,0,0
BRDA:3,0,1,0
BRF:2
BRH:0
end_of_record
TN:
SF:middlware/async.js
FN:1,asyncMiddleware
FN:2,(anonymous_1)
FNF:2
FNH:2
FNDA:3,asyncMiddleware
FNDA:1,(anonymous_1)
DA:1,3
DA:2,3
DA:3,1
DA:4,1
DA:7,0
LF:5
LH:4
BRF:0
BRH:0
end_of_record
TN:
SF:middlware/auth.js
FN:4,(anonymous_0)
FNF:1
FNH:1
FNDA:12,(anonymous_0)
DA:1,3
DA:2,3
DA:4,3
DA:5,12
DA:6,12
DA:7,2
DA:9,10
DA:10,10
DA:11,9
DA:12,9
DA:15,1
LF:11
LH:11
BRDA:6,0,0,2
BRDA:6,0,1,10
BRF:2
BRH:2
end_of_record
TN:
SF:middlware/error.js
FN:3,(anonymous_0)
FNF:1
FNH:0
FNDA:0,(anonymous_0)
DA:1,3
DA:3,3
DA:4,0
DA:5,0
LF:4
LH:2
BRF:0
BRH:0
end_of_record
TN:
SF:middlware/validateObjectIds.js
FN:2,(anonymous_0)
FNF:1
FNH:1
FNDA:2,(anonymous_0)
DA:1,3
DA:2,3
DA:3,2
DA:4,1
DA:6,1
LF:5
LH:5
BRDA:3,0,0,1
BRDA:3,0,1,1
BRF:2
BRH:2
end_of_record
TN:
SF:models/customer.js
FN:11,validateCustomer
FNF:1
FNH:0
FNDA:0,validateCustomer
DA:1,3
DA:2,3
DA:4,3
DA:9,3
DA:12,0
DA:17,0
DA:20,3
DA:21,3
DA:22,3
LF:9
LH:7
BRF:0
BRH:0
end_of_record
TN:
SF:models/genere.js
FNF:0
FNH:0
DA:1,3
DA:2,3
DA:4,3
DA:8,3
DA:10,3
DA:11,3
LF:6
LH:6
BRF:0
BRH:0
end_of_record
TN:
SF:models/movie.js
FN:15,validateMovie
FNF:1
FNH:0
FNDA:0,validateMovie
DA:1,3
DA:2,3
DA:3,3
DA:5,3
DA:13,3
DA:16,0
DA:22,0
DA:24,3
DA:25,3
DA:26,3
LF:10
LH:8
BRF:0
BRH:0
end_of_record
TN:
SF:models/rental.js
FN:15,validateRental
FNF:1
FNH:0
FNDA:0,validateRental
DA:1,3
DA:2,3
DA:4,3
DA:5,3
DA:7,3
DA:13,3
DA:16,0
DA:20,0
DA:23,3
DA:24,3
LF:10
LH:8
BRF:0
BRH:0
end_of_record
TN:
SF:models/returns.js
FN:50,validateRentalReturn
FNF:1
FNH:1
FNDA:5,validateRentalReturn
DA:1,3
DA:2,3
DA:4,3
DA:51,5
DA:55,5
DA:58,3
DA:59,3
LF:7
LH:7
BRF:0
BRH:0
end_of_record
TN:
SF:models/user.js
FN:17,(anonymous_0)
FN:25,validateUser
FNF:2
FNH:1
FNDA:14,(anonymous_0)
FNDA:0,validateUser
DA:1,5
DA:2,5
DA:3,5
DA:4,5
DA:5,5
DA:6,5
DA:7,5
DA:17,5
DA:19,14
DA:20,14
DA:21,14
DA:24,5
DA:27,0
DA:37,0
DA:42,0
DA:45,5
DA:46,5
LF:17
LH:14
BRF:0
BRH:0
end_of_record
TN:
SF:startup/config.js
FN:3,(anonymous_0)
FNF:1
FNH:1
FNDA:3,(anonymous_0)
DA:1,3
DA:2,3
DA:3,3
DA:6,3
DA:7,0
DA:8,0
LF:6
LH:4
BRDA:6,0,0,0
BRDA:6,0,1,3
BRF:2
BRH:1
end_of_record
TN:
SF:startup/dbconnectivity.js
FN:5,(anonymous_0)
FN:10,(anonymous_1)
FNF:2
FNH:2
FNDA:3,(anonymous_0)
FNDA:3,(anonymous_1)
DA:1,3
DA:2,3
DA:3,3
DA:5,3
DA:6,3
DA:7,3
DA:9,3
DA:10,3
LF:8
LH:8
BRF:0
BRH:0
end_of_record
TN:
SF:startup/logging.js
FN:5,(anonymous_0)
FN:8,(anonymous_1)
FNF:2
FNH:1
FNDA:3,(anonymous_0)
FNDA:0,(anonymous_1)
DA:1,3
DA:2,3
DA:3,3
DA:5,3
DA:6,3
DA:7,3
DA:8,3
DA:9,0
DA:11,3
LF:9
LH:8
BRF:0
BRH:0
end_of_record
TN:
SF:startup/routes.js
FN:11,(anonymous_0)
FNF:1
FNH:1
FNDA:3,(anonymous_0)
DA:1,3
DA:2,3
DA:3,3
DA:4,3
DA:5,3
DA:6,3
DA:7,3
DA:8,3
DA:9,3
DA:11,3
DA:12,3
DA:13,3
DA:14,3
DA:15,3
DA:16,3
DA:17,3
DA:18,3
DA:19,3
DA:20,3
LF:19
LH:19
BRF:0
BRH:0
end_of_record
